[15:58:45:942] - INFO - IterativeKBInterpretationGenerator - [generate]: starting KB model generation
[15:58:45:955] - INFO - IterativeKBInterpretationGenerator - [generate]: creating 2297 individual domain elements
[15:58:46:500] - INFO - IterativeKBInterpretationGenerator - [generate]: adding direct successors to all domain elements
[15:58:52:032] - INFO - IterativeKBInterpretationGenerator - [generate]: unraveling 1 TBox domain nodes
[15:58:52:033] - INFO - GeneralELRelaxedInstancesAlgorithm - [relaxedInstances]: start processing query 1: ObjectIntersectionOf(<http://swat.cse.lehigh.edu/onto/univ-bench.owl#Student> ObjectSomeValuesFrom(<http://swat.cse.lehigh.edu/onto/univ-bench.owl#advisor> ObjectIntersectionOf(<http://swat.cse.lehigh.edu/onto/univ-bench.owl#Faculty> ObjectSomeValuesFrom(<http://swat.cse.lehigh.edu/onto/univ-bench.owl#teacherOf> <http://swat.cse.lehigh.edu/onto/univ-bench.owl#Course>))) ObjectSomeValuesFrom(<http://swat.cse.lehigh.edu/onto/univ-bench.owl#takesCourse> <http://swat.cse.lehigh.edu/onto/univ-bench.owl#Course>))
[15:58:52:071] - INFO - GeneralELRelaxedInstancesAlgorithm - [relaxedInstances]: Start finding the relaxed instances with greater similarity to ObjectIntersectionOf(<http://swat.cse.lehigh.edu/onto/univ-bench.owl#Student> ObjectSomeValuesFrom(<http://swat.cse.lehigh.edu/onto/univ-bench.owl#advisor> ObjectIntersectionOf(<http://swat.cse.lehigh.edu/onto/univ-bench.owl#Faculty> ObjectSomeValuesFrom(<http://swat.cse.lehigh.edu/onto/univ-bench.owl#teacherOf> <http://swat.cse.lehigh.edu/onto/univ-bench.owl#Course>))) ObjectSomeValuesFrom(<http://swat.cse.lehigh.edu/onto/univ-bench.owl#takesCourse> <http://swat.cse.lehigh.edu/onto/univ-bench.owl#Course>)) than 0.01
[15:58:52:845] - INFO - GeneralELRelaxedInstancesAlgorithm - [relaxedInstances]: The computation stopped after 3 iterations because through the last iteration no value changed by more than 1.0%.
[15:58:52:846] - INFO - Main - [main]: Query 1: 719 elements have a similarity greater than 0.01 to ObjectIntersectionOf(<http://swat.cse.lehigh.edu/onto/univ-bench.owl#Student> ObjectSomeValuesFrom(<http://swat.cse.lehigh.edu/onto/univ-bench.owl#advisor> ObjectIntersectionOf(<http://swat.cse.lehigh.edu/onto/univ-bench.owl#Faculty> ObjectSomeValuesFrom(<http://swat.cse.lehigh.edu/onto/univ-bench.owl#teacherOf> <http://swat.cse.lehigh.edu/onto/univ-bench.owl#Course>))) ObjectSomeValuesFrom(<http://swat.cse.lehigh.edu/onto/univ-bench.owl#takesCourse> <http://swat.cse.lehigh.edu/onto/univ-bench.owl#Course>))

[15:58:52:846] - INFO - Main - [main]: Time tracking results:
Tree-shaped time tracking results: <block-name> [absolute time | % wrt. parent block | % wrt. total computation]
total computation 00:07 min
  input initialization [527 ms | 6.96% | total: 6.96%]
  preprocessing [00:06 min | 82.29% | total: 82.29%]
    checking EL profile [91 ms | 1.46% | total: 1.2%]
    KB model generation [00:06 min | 97.8% | total: 80.48%]
      flattening [11 ms | 0.18% | total: 0.14%]
      adding instantiators [541 ms | 8.87% | total: 7.14%]
        elk reasoning [176 ms | 32.53% | total: 2.32%]
      adding role-assertion successors [13 ms | 0.21% | total: 0.17%]
      adding direct TBox-successors [00:05 min | 90.38% | total: 72.74%]
        adding instantiators [0 ms | 0.0% | total: 0.0%]
      TBox successors [1 ms | 0.01% | total: 0.01%]
  query answering [812 ms | 10.72% | total: 10.72%]
    processing query 1 [812 ms | 100.0% | total: 10.72%]
      QTBox model generation [36 ms | 4.43% | total: 0.47%]
        adding instantiators [33 ms | 91.66% | total: 0.43%]
          elk reasoning [33 ms | 100.0% | total: 0.43%]
        TBox successors [2 ms | 5.55% | total: 0.02%]
          Elk access [2 ms | 100.0% | total: 0.02%]
          adding instantiators [0 ms | 0.0% | total: 0.0%]
      preparing sim-factory [8 ms | 0.98% | total: 0.1%]
      iteration [215 ms | 26.47% | total: 2.84%]
      iteration [246 ms | 30.29% | total: 3.24%]
      iteration [269 ms | 33.12% | total: 3.55%]
      finalizing results and outputs [1 ms | 0.12% | total: 0.01%]

Total computation time for multiple used blocks: <block-name> [total absolute time | % wrt. total computation]
elk reasoning [total time: 209 ms | 2.76%]
TBox successors [total time: 3 ms | 0.03%]
iteration [total time: 730 ms | 9.64%]
adding instantiators [total time: 574 ms | 7.58%]

