[15:08:38:683] - WARNING - Main - [main]: 30 profile violation of type UseOfNonAbsoluteIRI were found but ignored.
[15:08:38:684] - WARNING - Main - [main]: 9 profile violation of type UseOfUndeclaredClass were found but ignored.
[15:08:38:685] - WARNING - Main - [main]: 8 profile violation of type UseOfUndeclaredObjectProperty were found but ignored.
[15:08:39:698] - FINE - GeneralELRelaxedInstancesAlgorithm - [relaxedInstances]: Intermediary datastructures after preprocessing:
------------------------------------------
The flattened input ontology:
Ontology(OntologyID(Anonymous-2)) [Axioms: 16 Logical Axioms: 16]
TBox:
EquivalentClasses(<CJ1> ObjectIntersectionOf(<B> <C>) )
SubClassOf(<C> <ER1>)
EquivalentClasses(<ER2> ObjectSomeValuesFrom(<s> <CJ1>) )
EquivalentClasses(<Q> ObjectIntersectionOf(<A> <ER2>) )
EquivalentClasses(<ER0> )
EquivalentClasses(<CJ0> ObjectIntersectionOf(<A> <C>) )
SubClassOf(<A> ObjectIntersectionOf(<ER0> <ER1>))
EquivalentClasses(<ER1> )
ABox:
ClassAssertion(<CJ0> <f>)
ObjectPropertyAssertion(<s> <f> <d>)
ObjectPropertyAssertion(<s> <d> <d>)
ClassAssertion(<B> <d>)
ClassAssertion(<A> <e>)
ObjectPropertyAssertion(<r> <e> <f>)
ObjectPropertyAssertion(<s> <e> <d>)
ObjectPropertyAssertion(<r> <f> <f>)
------------------------------------------
The canonical model for the entire knowledge base:
Concept Domain Elements:

Individual Domain Elements:
d(<f>)  [<A>, <C>]  [<r>{d(<f>)}, <s>{d(<d>)}]  
d(<e>)  [<A>]  [<r>{d(<f>)}, <s>{d(<d>)}]  
d(<d>)  [<B>]  [<s>{d(<d>)}]  
------------------------------------------
The canonical model for the TBox and the query concept:
Concept Domain Elements:
d(<B>)  [<B>]  []  
d(<A>)  [<A>]  [<r>{d(<A>)}, <s>{d(<B>)}]  
d(<CJ1>)  [<B>, <C>]  [<s>{d(<B>)}]  
d(<Q>)  [<A>]  [<r>{d(<A>)}, <s>{d(<CJ1>)}]  

Individual Domain Elements:
------------------------------------------
[15:08:39:700] - INFO - GeneralELRelaxedInstancesAlgorithm - [relaxedInstances]: Start finding the relaxed instances with greater similarity to ObjectIntersectionOf(<A> ObjectSomeValuesFrom(<s> ObjectIntersectionOf(<B> <C>))) than 0.2
[15:08:39:712] - FINE - SimilarityValueFactory - [getSimilarityValue]: Adding similarity value msim((I_QT, d(<Q>)), (I_KB, d(<f>)), 0) = 0.0	//	msim((I_QT, d(<Q>)), (I_KB, d(<f>)), -1) = -1.0 to the pool.
[15:08:39:713] - FINE - SimilarityValueFactory - [getSimilarityValue]: Adding similarity value msim((I_QT, d(<Q>)), (I_KB, d(<e>)), 0) = 0.0	//	msim((I_QT, d(<Q>)), (I_KB, d(<e>)), -1) = -1.0 to the pool.
[15:08:39:714] - FINE - SimilarityValueFactory - [getSimilarityValue]: Adding similarity value msim((I_QT, d(<Q>)), (I_KB, d(<d>)), 0) = 0.0	//	msim((I_QT, d(<Q>)), (I_KB, d(<d>)), -1) = -1.0 to the pool.
[15:08:39:724] - FINE - SimilarityValueFactory - [getSimilarityValue]: Adding similarity value msim((I_QT, d(<CJ1>)), (I_KB, d(<d>)), 0) = 0.0	//	msim((I_QT, d(<CJ1>)), (I_KB, d(<d>)), -1) = -1.0 to the pool.
[15:08:39:725] - FINE - SimilarityValueFactory - [getSimilarityValue]: Adding similarity value msim((I_QT, d(<A>)), (I_KB, d(<f>)), 0) = 0.0	//	msim((I_QT, d(<A>)), (I_KB, d(<f>)), -1) = -1.0 to the pool.
[15:08:39:727] - FINE - SimilarityValueFactory - [getSimilarityValue]: Adding similarity value msim((I_QT, d(<B>)), (I_KB, d(<d>)), 0) = 0.0	//	msim((I_QT, d(<B>)), (I_KB, d(<d>)), -1) = -1.0 to the pool.
[15:08:39:730] - FINE - GeneralELRelaxedInstancesAlgorithm - [relaxedInstances]: Current status of the similarity pools at iteration 1:
Current Task Pool:

UpToDate Pool:
msim((I_QT, d(<Q>)), (I_KB, d(<d>)), 1) = 0.2	//	msim((I_QT, d(<Q>)), (I_KB, d(<d>)), 0) = 0.0
msim((I_QT, d(<Q>)), (I_KB, d(<f>)), 1) = 0.5714285714285714	//	msim((I_QT, d(<Q>)), (I_KB, d(<f>)), 0) = 0.0
msim((I_QT, d(<Q>)), (I_KB, d(<e>)), 1) = 0.6666666666666666	//	msim((I_QT, d(<Q>)), (I_KB, d(<e>)), 0) = 0.0
msim((I_QT, d(<CJ1>)), (I_KB, d(<d>)), 1) = 0.6	//	msim((I_QT, d(<CJ1>)), (I_KB, d(<d>)), 0) = 0.0
msim((I_QT, d(<A>)), (I_KB, d(<f>)), 1) = 0.5714285714285714	//	msim((I_QT, d(<A>)), (I_KB, d(<f>)), 0) = 0.0
msim((I_QT, d(<B>)), (I_KB, d(<d>)), 1) = 0.6666666666666666	//	msim((I_QT, d(<B>)), (I_KB, d(<d>)), 0) = 0.0

[15:08:39:737] - FINE - GeneralELRelaxedInstancesAlgorithm - [relaxedInstances]: Current status of the similarity pools at iteration 2:
Current Task Pool:

UpToDate Pool:
msim((I_QT, d(<Q>)), (I_KB, d(<d>)), 2) = 0.32	//	msim((I_QT, d(<Q>)), (I_KB, d(<d>)), 1) = 0.2
msim((I_QT, d(<Q>)), (I_KB, d(<f>)), 2) = 0.7387755102040817	//	msim((I_QT, d(<Q>)), (I_KB, d(<f>)), 1) = 0.5714285714285714
msim((I_QT, d(<Q>)), (I_KB, d(<e>)), 2) = 0.861904761904762	//	msim((I_QT, d(<Q>)), (I_KB, d(<e>)), 1) = 0.6666666666666666
msim((I_QT, d(<CJ1>)), (I_KB, d(<d>)), 2) = 0.7333333333333332	//	msim((I_QT, d(<CJ1>)), (I_KB, d(<d>)), 1) = 0.6
msim((I_QT, d(<A>)), (I_KB, d(<f>)), 2) = 0.7482993197278912	//	msim((I_QT, d(<A>)), (I_KB, d(<f>)), 1) = 0.5714285714285714
msim((I_QT, d(<B>)), (I_KB, d(<d>)), 2) = 0.6666666666666666	//	msim((I_QT, d(<B>)), (I_KB, d(<d>)), 1) = 0.6666666666666666

[15:08:39:744] - FINE - GeneralELRelaxedInstancesAlgorithm - [relaxedInstances]: Current status of the similarity pools at iteration 3:
Current Task Pool:

UpToDate Pool:
msim((I_QT, d(<Q>)), (I_KB, d(<d>)), 3) = 0.3466666666666666	//	msim((I_QT, d(<Q>)), (I_KB, d(<d>)), 2) = 0.32
msim((I_QT, d(<Q>)), (I_KB, d(<f>)), 3) = 0.7830903790087463	//	msim((I_QT, d(<Q>)), (I_KB, d(<f>)), 2) = 0.7387755102040817
msim((I_QT, d(<Q>)), (I_KB, d(<e>)), 3) = 0.9136054421768707	//	msim((I_QT, d(<Q>)), (I_KB, d(<e>)), 2) = 0.861904761904762
msim((I_QT, d(<CJ1>)), (I_KB, d(<d>)), 3) = 0.7333333333333332	//	msim((I_QT, d(<CJ1>)), (I_KB, d(<d>)), 2) = 0.7333333333333332
msim((I_QT, d(<A>)), (I_KB, d(<f>)), 3) = 0.7735665694849369	//	msim((I_QT, d(<A>)), (I_KB, d(<f>)), 2) = 0.7482993197278912
msim((I_QT, d(<B>)), (I_KB, d(<d>)), 3) = 0.6666666666666666	//	msim((I_QT, d(<B>)), (I_KB, d(<d>)), 2) = 0.6666666666666666

[15:08:39:750] - FINE - GeneralELRelaxedInstancesAlgorithm - [relaxedInstances]: Current status of the similarity pools at iteration 4:
Current Task Pool:

UpToDate Pool:
msim((I_QT, d(<Q>)), (I_KB, d(<d>)), 4) = 0.3466666666666666	//	msim((I_QT, d(<Q>)), (I_KB, d(<d>)), 3) = 0.3466666666666666
msim((I_QT, d(<Q>)), (I_KB, d(<f>)), 4) = 0.7866999861168956	//	msim((I_QT, d(<Q>)), (I_KB, d(<f>)), 3) = 0.7830903790087463
msim((I_QT, d(<Q>)), (I_KB, d(<e>)), 4) = 0.9178166504697116	//	msim((I_QT, d(<Q>)), (I_KB, d(<e>)), 3) = 0.9136054421768707
msim((I_QT, d(<CJ1>)), (I_KB, d(<d>)), 4) = 0.7333333333333332	//	msim((I_QT, d(<CJ1>)), (I_KB, d(<d>)), 3) = 0.7333333333333332
msim((I_QT, d(<A>)), (I_KB, d(<f>)), 4) = 0.7771761765930861	//	msim((I_QT, d(<A>)), (I_KB, d(<f>)), 3) = 0.7735665694849369
msim((I_QT, d(<B>)), (I_KB, d(<d>)), 4) = 0.6666666666666666	//	msim((I_QT, d(<B>)), (I_KB, d(<d>)), 3) = 0.6666666666666666

[15:08:39:757] - FINE - GeneralELRelaxedInstancesAlgorithm - [relaxedInstances]: Current status of the similarity pools at iteration 5:
Current Task Pool:

UpToDate Pool:
msim((I_QT, d(<Q>)), (I_KB, d(<d>)), 5) = 0.3466666666666666	//	msim((I_QT, d(<Q>)), (I_KB, d(<d>)), 4) = 0.3466666666666666
msim((I_QT, d(<Q>)), (I_KB, d(<f>)), 5) = 0.7872156442752027	//	msim((I_QT, d(<Q>)), (I_KB, d(<f>)), 4) = 0.7866999861168956
msim((I_QT, d(<Q>)), (I_KB, d(<e>)), 5) = 0.9184182516544032	//	msim((I_QT, d(<Q>)), (I_KB, d(<e>)), 4) = 0.9178166504697116
msim((I_QT, d(<CJ1>)), (I_KB, d(<d>)), 5) = 0.7333333333333332	//	msim((I_QT, d(<CJ1>)), (I_KB, d(<d>)), 4) = 0.7333333333333332
msim((I_QT, d(<A>)), (I_KB, d(<f>)), 5) = 0.7776918347513933	//	msim((I_QT, d(<A>)), (I_KB, d(<f>)), 4) = 0.7771761765930861
msim((I_QT, d(<B>)), (I_KB, d(<d>)), 5) = 0.6666666666666666	//	msim((I_QT, d(<B>)), (I_KB, d(<d>)), 4) = 0.6666666666666666

[15:08:39:762] - FINE - GeneralELRelaxedInstancesAlgorithm - [relaxedInstances]: Current status of the similarity pools at iteration 6:
Current Task Pool:

UpToDate Pool:
msim((I_QT, d(<Q>)), (I_KB, d(<d>)), 6) = 0.3466666666666666	//	msim((I_QT, d(<Q>)), (I_KB, d(<d>)), 5) = 0.3466666666666666
msim((I_QT, d(<Q>)), (I_KB, d(<f>)), 6) = 0.7872893097263896	//	msim((I_QT, d(<Q>)), (I_KB, d(<f>)), 5) = 0.7872156442752027
msim((I_QT, d(<Q>)), (I_KB, d(<e>)), 6) = 0.9185041946807878	//	msim((I_QT, d(<Q>)), (I_KB, d(<e>)), 5) = 0.9184182516544032
msim((I_QT, d(<CJ1>)), (I_KB, d(<d>)), 6) = 0.7333333333333332	//	msim((I_QT, d(<CJ1>)), (I_KB, d(<d>)), 5) = 0.7333333333333332
msim((I_QT, d(<A>)), (I_KB, d(<f>)), 6) = 0.7777655002025801	//	msim((I_QT, d(<A>)), (I_KB, d(<f>)), 5) = 0.7776918347513933
msim((I_QT, d(<B>)), (I_KB, d(<d>)), 6) = 0.6666666666666666	//	msim((I_QT, d(<B>)), (I_KB, d(<d>)), 5) = 0.6666666666666666

[15:08:39:771] - INFO - GeneralELRelaxedInstancesAlgorithm - [relaxedInstances]: Development of interesting similarity values:
i (d(<Q>), d(<e>)) (d(<Q>), d(<d>)) (d(<Q>), d(<f>))
----------------------------------------------------
0              0.0              0.0              0.0
1          0.66667              0.2          0.57143
2           0.8619             0.32          0.73878
3          0.91361          0.34667          0.78309
4          0.91782          0.34667           0.7867
5          0.91842          0.34667          0.78722
6           0.9185          0.34667          0.78729

[15:08:39:772] - INFO - GeneralELRelaxedInstancesAlgorithm - [relaxedInstances]: The computation stopped after 6 iterations because through the last iteration no value changed by more than 0.01%.
[15:08:39:775] - INFO - Main - [main]: 3 elements have a similarity greater than 0.2 to ObjectIntersectionOf(<A> ObjectSomeValuesFrom(<s> ObjectIntersectionOf(<B> <C>)))
<e>	similarity: 0.9185
<f>	similarity: 0.78729
<d>	similarity: 0.34667

